This is pdfTeX, Version 3.141592653-2.6-1.40.25 (TeX Live 2023/Debian) (preloaded format=pdflatex 2025.10.22)  11 MAR 2026 12:59
entering extended mode
 \write18 enabled.
 %&-line parsing enabled.
**report.tex
(./report.tex
LaTeX2e <2023-11-01> patch level 1
L3 programming layer <2024-01-22>
(./preamble.tex (/usr/share/texlive/texmf-dist/tex/latex/base/article.cls
Document Class: article 2023/05/17 v1.4n Standard LaTeX document class
(/usr/share/texlive/texmf-dist/tex/latex/base/size12.clo
File: size12.clo 2023/05/17 v1.4n Standard LaTeX file (size option)
)
\c@part=\count187
\c@section=\count188
\c@subsection=\count189
\c@subsubsection=\count190
\c@paragraph=\count191
\c@subparagraph=\count192
\c@figure=\count193
\c@table=\count194
\abovecaptionskip=\skip48
\belowcaptionskip=\skip49
\bibindent=\dimen140
)
(/usr/share/texlive/texmf-dist/tex/generic/babel/babel.sty
Package: babel 2024/01/07 v24.1 The Babel package
\babel@savecnt=\count195
\U@D=\dimen141
\l@unhyphenated=\language89

(/usr/share/texlive/texmf-dist/tex/generic/babel/txtbabel.def)
\bbl@readstream=\read2
\bbl@dirlevel=\count196

(/usr/share/texlive/texmf-dist/tex/generic/babel-english/english.ldf
Language: english 2017/06/06 v3.3r English support from the babel system
Package babel Info: Hyphen rules for 'canadian' set to \l@english
(babel)             (\language0). Reported on input line 102.
Package babel Info: Hyphen rules for 'australian' set to \l@ukenglish
(babel)             (\language61). Reported on input line 105.
Package babel Info: Hyphen rules for 'newzealand' set to \l@ukenglish
(babel)             (\language61). Reported on input line 108.
)
(/usr/share/texlive/texmf-dist/tex/generic/babel-russian/russianb.ldf
File: russianb.ldf 2021/01/10 1.3m Russian support for the Babel system
Language: russian 2020/09/09 1.3k Russian support for the Babel system


Package babel Warning: No Cyrillic font encoding has been loaded so far.
(babel)                A font encoding should be declared before babel.
(babel)                Default `T2A' encoding will be loaded  on input line 78.


(/usr/share/texlive/texmf-dist/tex/latex/cyrillic/t2aenc.def
File: t2aenc.def 2022/06/11 v1.0j Cyrillic encoding definition file
Now handling font encoding T2A ...
... processing UTF-8 mapping file for font encoding T2A

(/usr/share/texlive/texmf-dist/tex/latex/base/t2aenc.dfu
File: t2aenc.dfu 2022/06/07 v1.3c UTF-8 support
   defining Unicode char U+00A4 (decimal 164)
   defining Unicode char U+00A7 (decimal 167)
   defining Unicode char U+00AB (decimal 171)
   defining Unicode char U+00BB (decimal 187)
   defining Unicode char U+0131 (decimal 305)
   defining Unicode char U+0237 (decimal 567)
   defining Unicode char U+0400 (decimal 1024)
   defining Unicode char U+0401 (decimal 1025)
   defining Unicode char U+0402 (decimal 1026)
   defining Unicode char U+0403 (decimal 1027)
   defining Unicode char U+0404 (decimal 1028)
   defining Unicode char U+0405 (decimal 1029)
   defining Unicode char U+0406 (decimal 1030)
   defining Unicode char U+0407 (decimal 1031)
   defining Unicode char U+0408 (decimal 1032)
   defining Unicode char U+0409 (decimal 1033)
   defining Unicode char U+040A (decimal 1034)
   defining Unicode char U+040B (decimal 1035)
   defining Unicode char U+040C (decimal 1036)
   defining Unicode char U+040D (decimal 1037)
   defining Unicode char U+040E (decimal 1038)
   defining Unicode char U+040F (decimal 1039)
   defining Unicode char U+0410 (decimal 1040)
   defining Unicode char U+0411 (decimal 1041)
   defining Unicode char U+0412 (decimal 1042)
   defining Unicode char U+0413 (decimal 1043)
   defining Unicode char U+0414 (decimal 1044)
   defining Unicode char U+0415 (decimal 1045)
   defining Unicode char U+0416 (decimal 1046)
   defining Unicode char U+0417 (decimal 1047)
   defining Unicode char U+0418 (decimal 1048)
   defining Unicode char U+0419 (decimal 1049)
   defining Unicode char U+041A (decimal 1050)
   defining Unicode char U+041B (decimal 1051)
   defining Unicode char U+041C (decimal 1052)
   defining Unicode char U+041D (decimal 1053)
   defining Unicode char U+041E (decimal 1054)
   defining Unicode char U+041F (decimal 1055)
   defining Unicode char U+0420 (decimal 1056)
   defining Unicode char U+0421 (decimal 1057)
   defining Unicode char U+0422 (decimal 1058)
   defining Unicode char U+0423 (decimal 1059)
   defining Unicode char U+0424 (decimal 1060)
   defining Unicode char U+0425 (decimal 1061)
   defining Unicode char U+0426 (decimal 1062)
   defining Unicode char U+0427 (decimal 1063)
   defining Unicode char U+0428 (decimal 1064)
   defining Unicode char U+0429 (decimal 1065)
   defining Unicode char U+042A (decimal 1066)
   defining Unicode char U+042B (decimal 1067)
   defining Unicode char U+042C (decimal 1068)
   defining Unicode char U+042D (decimal 1069)
   defining Unicode char U+042E (decimal 1070)
   defining Unicode char U+042F (decimal 1071)
   defining Unicode char U+0430 (decimal 1072)
   defining Unicode char U+0431 (decimal 1073)
   defining Unicode char U+0432 (decimal 1074)
   defining Unicode char U+0433 (decimal 1075)
   defining Unicode char U+0434 (decimal 1076)
   defining Unicode char U+0435 (decimal 1077)
   defining Unicode char U+0436 (decimal 1078)
   defining Unicode char U+0437 (decimal 1079)
   defining Unicode char U+0438 (decimal 1080)
   defining Unicode char U+0439 (decimal 1081)
   defining Unicode char U+043A (decimal 1082)
   defining Unicode char U+043B (decimal 1083)
   defining Unicode char U+043C (decimal 1084)
   defining Unicode char U+043D (decimal 1085)
   defining Unicode char U+043E (decimal 1086)
   defining Unicode char U+043F (decimal 1087)
   defining Unicode char U+0440 (decimal 1088)
   defining Unicode char U+0441 (decimal 1089)
   defining Unicode char U+0442 (decimal 1090)
   defining Unicode char U+0443 (decimal 1091)
   defining Unicode char U+0444 (decimal 1092)
   defining Unicode char U+0445 (decimal 1093)
   defining Unicode char U+0446 (decimal 1094)
   defining Unicode char U+0447 (decimal 1095)
   defining Unicode char U+0448 (decimal 1096)
   defining Unicode char U+0449 (decimal 1097)
   defining Unicode char U+044A (decimal 1098)
   defining Unicode char U+044B (decimal 1099)
   defining Unicode char U+044C (decimal 1100)
   defining Unicode char U+044D (decimal 1101)
   defining Unicode char U+044E (decimal 1102)
   defining Unicode char U+044F (decimal 1103)
   defining Unicode char U+0450 (decimal 1104)
   defining Unicode char U+0451 (decimal 1105)
   defining Unicode char U+0452 (decimal 1106)
   defining Unicode char U+0453 (decimal 1107)
   defining Unicode char U+0454 (decimal 1108)
   defining Unicode char U+0455 (decimal 1109)
   defining Unicode char U+0456 (decimal 1110)
   defining Unicode char U+0457 (decimal 1111)
   defining Unicode char U+0458 (decimal 1112)
   defining Unicode char U+0459 (decimal 1113)
   defining Unicode char U+045A (decimal 1114)
   defining Unicode char U+045B (decimal 1115)
   defining Unicode char U+045C (decimal 1116)
   defining Unicode char U+045D (decimal 1117)
   defining Unicode char U+045E (decimal 1118)
   defining Unicode char U+045F (decimal 1119)
   defining Unicode char U+0490 (decimal 1168)
   defining Unicode char U+0491 (decimal 1169)
   defining Unicode char U+0492 (decimal 1170)
   defining Unicode char U+0493 (decimal 1171)
   defining Unicode char U+0496 (decimal 1174)
   defining Unicode char U+0497 (decimal 1175)
   defining Unicode char U+0498 (decimal 1176)
   defining Unicode char U+0499 (decimal 1177)
   defining Unicode char U+049A (decimal 1178)
   defining Unicode char U+049B (decimal 1179)
   defining Unicode char U+049C (decimal 1180)
   defining Unicode char U+049D (decimal 1181)
   defining Unicode char U+04A0 (decimal 1184)
   defining Unicode char U+04A1 (decimal 1185)
   defining Unicode char U+04A2 (decimal 1186)
   defining Unicode char U+04A3 (decimal 1187)
   defining Unicode char U+04A4 (decimal 1188)
   defining Unicode char U+04A5 (decimal 1189)
   defining Unicode char U+04AA (decimal 1194)
   defining Unicode char U+04AB (decimal 1195)
   defining Unicode char U+04AE (decimal 1198)
   defining Unicode char U+04AF (decimal 1199)
   defining Unicode char U+04B0 (decimal 1200)
   defining Unicode char U+04B1 (decimal 1201)
   defining Unicode char U+04B2 (decimal 1202)
   defining Unicode char U+04B3 (decimal 1203)
   defining Unicode char U+04B6 (decimal 1206)
   defining Unicode char U+04B7 (decimal 1207)
   defining Unicode char U+04B8 (decimal 1208)
   defining Unicode char U+04B9 (decimal 1209)
   defining Unicode char U+04BA (decimal 1210)
   defining Unicode char U+04BB (decimal 1211)
   defining Unicode char U+04C0 (decimal 1216)
   defining Unicode char U+04C1 (decimal 1217)
   defining Unicode char U+04C2 (decimal 1218)
   defining Unicode char U+04D0 (decimal 1232)
   defining Unicode char U+04D1 (decimal 1233)
   defining Unicode char U+04D2 (decimal 1234)
   defining Unicode char U+04D3 (decimal 1235)
   defining Unicode char U+04D4 (decimal 1236)
   defining Unicode char U+04D5 (decimal 1237)
   defining Unicode char U+04D6 (decimal 1238)
   defining Unicode char U+04D7 (decimal 1239)
   defining Unicode char U+04D8 (decimal 1240)
   defining Unicode char U+04D9 (decimal 1241)
   defining Unicode char U+04DA (decimal 1242)
   defining Unicode char U+04DB (decimal 1243)
   defining Unicode char U+04DC (decimal 1244)
   defining Unicode char U+04DD (decimal 1245)
   defining Unicode char U+04DE (decimal 1246)
   defining Unicode char U+04DF (decimal 1247)
   defining Unicode char U+04E2 (decimal 1250)
   defining Unicode char U+04E3 (decimal 1251)
   defining Unicode char U+04E4 (decimal 1252)
   defining Unicode char U+04E5 (decimal 1253)
   defining Unicode char U+04E6 (decimal 1254)
   defining Unicode char U+04E7 (decimal 1255)
   defining Unicode char U+04E8 (decimal 1256)
   defining Unicode char U+04E9 (decimal 1257)
   defining Unicode char U+04EC (decimal 1260)
   defining Unicode char U+04ED (decimal 1261)
   defining Unicode char U+04EE (decimal 1262)
   defining Unicode char U+04EF (decimal 1263)
   defining Unicode char U+04F0 (decimal 1264)
   defining Unicode char U+04F1 (decimal 1265)
   defining Unicode char U+04F2 (decimal 1266)
   defining Unicode char U+04F3 (decimal 1267)
   defining Unicode char U+04F4 (decimal 1268)
   defining Unicode char U+04F5 (decimal 1269)
   defining Unicode char U+04F8 (decimal 1272)
   defining Unicode char U+04F9 (decimal 1273)
   defining Unicode char U+200C (decimal 8204)
   defining Unicode char U+2013 (decimal 8211)
   defining Unicode char U+2014 (decimal 8212)
   defining Unicode char U+2018 (decimal 8216)
   defining Unicode char U+2019 (decimal 8217)
   defining Unicode char U+201C (decimal 8220)
   defining Unicode char U+201D (decimal 8221)
   defining Unicode char U+201E (decimal 8222)
   defining Unicode char U+2030 (decimal 8240)
   defining Unicode char U+2031 (decimal 8241)
   defining Unicode char U+2116 (decimal 8470)
   defining Unicode char U+2329 (decimal 9001)
   defining Unicode char U+3008 (decimal 12296)
   defining Unicode char U+232A (decimal 9002)
   defining Unicode char U+3009 (decimal 12297)
   defining Unicode char U+2423 (decimal 9251)
   defining Unicode char U+27E8 (decimal 10216)
   defining Unicode char U+27E9 (decimal 10217)
   defining Unicode char U+FB00 (decimal 64256)
   defining Unicode char U+FB01 (decimal 64257)
   defining Unicode char U+FB02 (decimal 64258)
   defining Unicode char U+FB03 (decimal 64259)
   defining Unicode char U+FB04 (decimal 64260)
   defining Unicode char U+FB05 (decimal 64261)
   defining Unicode char U+FB06 (decimal 64262)
))
Package babel Info: Making " an active character on input line 124.
Package babel Info: Default for \cyrdash is provided on input line 163.
))
(/usr/share/texlive/texmf-dist/tex/generic/babel/locale/ru/babel-russian.tex
Package babel Info: Importing font and identification data for russian
(babel)             from babel-ru.ini. Reported on input line 11.
)
(/usr/share/texlive/texmf-dist/tex/generic/babel/locale/en/babel-english.tex
Package babel Info: Importing font and identification data for english
(babel)             from babel-en.ini. Reported on input line 11.
)
(/usr/share/texlive/texmf-dist/tex/latex/base/fontenc.sty
Package: fontenc 2021/04/29 v2.0v Standard LaTeX package
LaTeX Font Info:    Trying to load font information for T2A+cmr on input line 1
12.

(/usr/share/texlive/texmf-dist/tex/latex/cyrillic/t2acmr.fd
File: t2acmr.fd 2001/08/11 v1.0a Computer Modern Cyrillic font definitions
))
(/usr/share/texlive/texmf-dist/tex/latex/base/inputenc.sty
Package: inputenc 2021/02/14 v1.3d Input encoding file
\inpenc@prehook=\toks17
\inpenc@posthook=\toks18
)
(/usr/share/texlive/texmf-dist/tex/latex/tools/indentfirst.sty
Package: indentfirst 2023/07/02 v1.03 Indent first paragraph (DPC)
)
(/usr/share/texlive/texmf-dist/tex/latex/amsmath/amsmath.sty
Package: amsmath 2023/05/13 v2.17o AMS math features
\@mathmargin=\skip50

For additional information on amsmath, use the `?' option.
(/usr/share/texlive/texmf-dist/tex/latex/amsmath/amstext.sty
Package: amstext 2021/08/26 v2.01 AMS text

(/usr/share/texlive/texmf-dist/tex/latex/amsmath/amsgen.sty
File: amsgen.sty 1999/11/30 v2.0 generic functions
\@emptytoks=\toks19
\ex@=\dimen142
))
(/usr/share/texlive/texmf-dist/tex/latex/amsmath/amsbsy.sty
Package: amsbsy 1999/11/29 v1.2d Bold Symbols
\pmbraise@=\dimen143
)
(/usr/share/texlive/texmf-dist/tex/latex/amsmath/amsopn.sty
Package: amsopn 2022/04/08 v2.04 operator names
)
\inf@bad=\count197
LaTeX Info: Redefining \frac on input line 234.
\uproot@=\count198
\leftroot@=\count199
LaTeX Info: Redefining \overline on input line 399.
LaTeX Info: Redefining \colon on input line 410.
\classnum@=\count266
\DOTSCASE@=\count267
LaTeX Info: Redefining \ldots on input line 496.
LaTeX Info: Redefining \dots on input line 499.
LaTeX Info: Redefining \cdots on input line 620.
\Mathstrutbox@=\box51
\strutbox@=\box52
LaTeX Info: Redefining \big on input line 722.
LaTeX Info: Redefining \Big on input line 723.
LaTeX Info: Redefining \bigg on input line 724.
LaTeX Info: Redefining \Bigg on input line 725.
\big@size=\dimen144
LaTeX Font Info:    Redeclaring font encoding OML on input line 743.
LaTeX Font Info:    Redeclaring font encoding OMS on input line 744.
\macc@depth=\count268
LaTeX Info: Redefining \bmod on input line 905.
LaTeX Info: Redefining \pmod on input line 910.
LaTeX Info: Redefining \smash on input line 940.
LaTeX Info: Redefining \relbar on input line 970.
LaTeX Info: Redefining \Relbar on input line 971.
\c@MaxMatrixCols=\count269
\dotsspace@=\muskip16
\c@parentequation=\count270
\dspbrk@lvl=\count271
\tag@help=\toks20
\row@=\count272
\column@=\count273
\maxfields@=\count274
\andhelp@=\toks21
\eqnshift@=\dimen145
\alignsep@=\dimen146
\tagshift@=\dimen147
\tagwidth@=\dimen148
\totwidth@=\dimen149
\lineht@=\dimen150
\@envbody=\toks22
\multlinegap=\skip51
\multlinetaggap=\skip52
\mathdisplay@stack=\toks23
LaTeX Info: Redefining \[ on input line 2953.
LaTeX Info: Redefining \] on input line 2954.
)
(/usr/share/texlive/texmf-dist/tex/latex/amsfonts/amsfonts.sty
Package: amsfonts 2013/01/14 v3.01 Basic AMSFonts support
\symAMSa=\mathgroup4
\symAMSb=\mathgroup5
LaTeX Font Info:    Redeclaring math symbol \hbar on input line 98.
LaTeX Font Info:    Overwriting math alphabet `\mathfrak' in version `bold'
(Font)                  U/euf/m/n --> U/euf/b/n on input line 106.
)
(/usr/share/texlive/texmf-dist/tex/latex/amsfonts/amssymb.sty
Package: amssymb 2013/01/14 v3.01 AMS font symbols
)
(/usr/share/texlive/texmf-dist/tex/latex/amscls/amsthm.sty
Package: amsthm 2020/05/29 v2.20.6
\thm@style=\toks24
\thm@bodyfont=\toks25
\thm@headfont=\toks26
\thm@notefont=\toks27
\thm@headpunct=\toks28
\thm@preskip=\skip53
\thm@postskip=\skip54
\thm@headsep=\skip55
\dth@everypar=\toks29
)
(/usr/share/texlive/texmf-dist/tex/latex/mathtools/mathtools.sty
Package: mathtools 2022/06/29 v1.29 mathematical typesetting tools

(/usr/share/texlive/texmf-dist/tex/latex/graphics/keyval.sty
Package: keyval 2022/05/29 v1.15 key=value parser (DPC)
\KV@toks@=\toks30
)
(/usr/share/texlive/texmf-dist/tex/latex/tools/calc.sty
Package: calc 2023/07/08 v4.3 Infix arithmetic (KKT,FJ)
\calc@Acount=\count275
\calc@Bcount=\count276
\calc@Adimen=\dimen151
\calc@Bdimen=\dimen152
\calc@Askip=\skip56
\calc@Bskip=\skip57
LaTeX Info: Redefining \setlength on input line 80.
LaTeX Info: Redefining \addtolength on input line 81.
\calc@Ccount=\count277
\calc@Cskip=\skip58
)
(/usr/share/texlive/texmf-dist/tex/latex/mathtools/mhsetup.sty
Package: mhsetup 2021/03/18 v1.4 programming setup (MH)
)
\g_MT_multlinerow_int=\count278
\l_MT_multwidth_dim=\dimen153
\origjot=\skip59
\l_MT_shortvdotswithinadjustabove_dim=\dimen154
\l_MT_shortvdotswithinadjustbelow_dim=\dimen155
\l_MT_above_intertext_sep=\dimen156
\l_MT_below_intertext_sep=\dimen157
\l_MT_above_shortintertext_sep=\dimen158
\l_MT_below_shortintertext_sep=\dimen159
\xmathstrut@box=\box53
\xmathstrut@dim=\dimen160
)
(/usr/share/texlive/texmf-dist/tex/latex/adjustbox/adjustbox.sty
Package: adjustbox 2022/10/17 v1.3a Adjusting TeX boxes (trim, clip, ...)

(/usr/share/texlive/texmf-dist/tex/latex/xkeyval/xkeyval.sty
Package: xkeyval 2022/06/16 v2.9 package option processing (HA)

(/usr/share/texlive/texmf-dist/tex/generic/xkeyval/xkeyval.tex
(/usr/share/texlive/texmf-dist/tex/generic/xkeyval/xkvutils.tex
\XKV@toks=\toks31
\XKV@tempa@toks=\toks32
)
\XKV@depth=\count279
File: xkeyval.tex 2014/12/03 v2.7a key=value parser (HA)
))
(/usr/share/texlive/texmf-dist/tex/latex/adjustbox/adjcalc.sty
Package: adjcalc 2012/05/16 v1.1 Provides advanced setlength with multiple back
-ends (calc, etex, pgfmath)
)
(/usr/share/texlive/texmf-dist/tex/latex/adjustbox/trimclip.sty
Package: trimclip 2020/08/19 v1.2 Trim and clip general TeX material

(/usr/share/texlive/texmf-dist/tex/latex/graphics/graphicx.sty
Package: graphicx 2021/09/16 v1.2d Enhanced LaTeX Graphics (DPC,SPQR)

(/usr/share/texlive/texmf-dist/tex/latex/graphics/graphics.sty
Package: graphics 2022/03/10 v1.4e Standard LaTeX Graphics (DPC,SPQR)

(/usr/share/texlive/texmf-dist/tex/latex/graphics/trig.sty
Package: trig 2021/08/11 v1.11 sin cos tan (DPC)
)
(/usr/share/texlive/texmf-dist/tex/latex/graphics-cfg/graphics.cfg
File: graphics.cfg 2016/06/04 v1.11 sample graphics configuration
)
Package graphics Info: Driver file: pdftex.def on input line 107.

(/usr/share/texlive/texmf-dist/tex/latex/graphics-def/pdftex.def
File: pdftex.def 2022/09/22 v1.2b Graphics/color driver for pdftex
))
\Gin@req@height=\dimen161
\Gin@req@width=\dimen162
)
(/usr/share/texlive/texmf-dist/tex/latex/collectbox/collectbox.sty
Package: collectbox 2022/10/17 v0.4c Collect macro arguments as boxes
\collectedbox=\box54
)
\tc@llx=\dimen163
\tc@lly=\dimen164
\tc@urx=\dimen165
\tc@ury=\dimen166
Package trimclip Info: Using driver 'tc-pdftex.def'.

(/usr/share/texlive/texmf-dist/tex/latex/adjustbox/tc-pdftex.def
File: tc-pdftex.def 2019/01/04 v2.2 Clipping driver for pdftex
))
\adjbox@Width=\dimen167
\adjbox@Height=\dimen168
\adjbox@Depth=\dimen169
\adjbox@Totalheight=\dimen170
\adjbox@pwidth=\dimen171
\adjbox@pheight=\dimen172
\adjbox@pdepth=\dimen173
\adjbox@ptotalheight=\dimen174

(/usr/share/texlive/texmf-dist/tex/latex/ifoddpage/ifoddpage.sty
Package: ifoddpage 2022/10/18 v1.2 Conditionals for odd/even page detection
\c@checkoddpage=\count280
)
(/usr/share/texlive/texmf-dist/tex/latex/varwidth/varwidth.sty
Package: varwidth 2009/03/30 ver 0.92;  Variable-width minipages
\@vwid@box=\box55
\sift@deathcycles=\count281
\@vwid@loff=\dimen175
\@vwid@roff=\dimen176
))
(/usr/share/texlive/texmf-dist/tex/latex/minted/minted.sty
Package: minted 2023/12/18 v2.9 Yet another Pygments shim for LaTeX

(/usr/share/texlive/texmf-dist/tex/latex/kvoptions/kvoptions.sty
Package: kvoptions 2022-06-15 v3.15 Key value format for package options (HO)

(/usr/share/texlive/texmf-dist/tex/generic/ltxcmds/ltxcmds.sty
Package: ltxcmds 2023-12-04 v1.26 LaTeX kernel commands for general use (HO)
)
(/usr/share/texlive/texmf-dist/tex/latex/kvsetkeys/kvsetkeys.sty
Package: kvsetkeys 2022-10-05 v1.19 Key value parser (HO)
))
(/usr/share/texlive/texmf-dist/tex/latex/fvextra/fvextra.sty
Package: fvextra 2023/11/28 v1.6.1 fvextra - extensions and patches for fancyvr
b

(/usr/share/texlive/texmf-dist/tex/latex/etoolbox/etoolbox.sty
Package: etoolbox 2020/10/05 v2.5k e-TeX tools for LaTeX (JAW)
\etb@tempcnta=\count282
)
(/usr/share/texlive/texmf-dist/tex/latex/fancyvrb/fancyvrb.sty
Package: fancyvrb 2024/01/20 4.5c verbatim text (tvz,hv)
\FV@CodeLineNo=\count283
\FV@InFile=\read3
\FV@TabBox=\box56
\c@FancyVerbLine=\count284
\FV@StepNumber=\count285
\FV@OutFile=\write3
)
(/usr/share/texlive/texmf-dist/tex/latex/upquote/upquote.sty
Package: upquote 2012/04/19 v1.3 upright-quote and grave-accent glyphs in verba
tim

(/usr/share/texlive/texmf-dist/tex/latex/base/textcomp.sty
Package: textcomp 2020/02/02 v2.0n Standard LaTeX package
))
(/usr/share/texlive/texmf-dist/tex/latex/lineno/lineno.sty
Package: lineno 2023/05/20 line numbers on paragraphs v5.3
\linenopenalty=\count286
\output=\toks33
\linenoprevgraf=\count287
\linenumbersep=\dimen177
\linenumberwidth=\dimen178
\c@linenumber=\count288
\c@pagewiselinenumber=\count289
\c@LN@truepage=\count290
\c@internallinenumber=\count291
\c@internallinenumbers=\count292
\quotelinenumbersep=\dimen179
\bframerule=\dimen180
\bframesep=\dimen181
\bframebox=\box57
\linenoamsmath@ams@eqpen=\count293
LaTeX Info: Redefining \\ on input line 3180.
)
\c@FancyVerbWriteLine=\count294
\c@FancyVerbBufferIndex=\count295
\c@FancyVerbBufferLength=\count296
\c@FancyVerbBufferLine=\count297
\c@FV@oldbufferlength=\count298
\c@FV@TrueTabGroupLevel=\count299
\c@FV@TrueTabCounter=\count300
\FV@TabBox@Group=\box58
\FV@TmpLength=\skip60
\c@FV@HighlightLinesStart=\count301
\c@FV@HighlightLinesStop=\count302
\FV@LoopCount=\count303
\FV@NCharsBox=\box59
\FV@BreakIndent=\dimen182
\FV@BreakIndentNChars=\count304
\FV@BreakSymbolSepLeft=\dimen183
\FV@BreakSymbolSepLeftNChars=\count305
\FV@BreakSymbolSepRight=\dimen184
\FV@BreakSymbolSepRightNChars=\count306
\FV@BreakSymbolIndentLeft=\dimen185
\FV@BreakSymbolIndentLeftNChars=\count307
\FV@BreakSymbolIndentRight=\dimen186
\FV@BreakSymbolIndentRightNChars=\count308
\c@FancyVerbLineBreakLast=\count309
\FV@LineBox=\box60
\FV@LineIndentBox=\box61
\c@FV@BreakBufferDepth=\count310
\FV@LineWidth=\dimen187
)
(/usr/share/texlive/texmf-dist/tex/latex/base/ifthen.sty
Package: ifthen 2022/04/13 v1.1d Standard LaTeX ifthen package (DPC)
)
(/usr/share/texlive/texmf-dist/tex/latex/tools/shellesc.sty
Package: shellesc 2023/07/08 v1.0d unified shell escape interface for LaTeX
Package shellesc Info: Unrestricted shell escape enabled on input line 75.
)
(/usr/share/texlive/texmf-dist/tex/latex/ifplatform/ifplatform.sty
Package: ifplatform 2017/10/13 v0.4a Testing for the operating system

(/usr/share/texlive/texmf-dist/tex/generic/pdftexcmds/pdftexcmds.sty
Package: pdftexcmds 2020-06-27 v0.33 Utility functions of pdfTeX for LuaTeX (HO
)

(/usr/share/texlive/texmf-dist/tex/generic/infwarerr/infwarerr.sty
Package: infwarerr 2019/12/03 v1.5 Providing info/warning/error messages (HO)
)
(/usr/share/texlive/texmf-dist/tex/generic/iftex/iftex.sty
Package: iftex 2022/02/03 v1.0f TeX engine tests
)
Package pdftexcmds Info: \pdf@primitive is available.
Package pdftexcmds Info: \pdf@ifprimitive is available.
Package pdftexcmds Info: \pdfdraftmode found.
)
(/usr/share/texlive/texmf-dist/tex/generic/catchfile/catchfile.sty
Package: catchfile 2019/12/09 v1.8 Catch the contents of a file (HO)

(/usr/share/texlive/texmf-dist/tex/generic/etexcmds/etexcmds.sty
Package: etexcmds 2019/12/15 v1.7 Avoid name clashes with e-TeX commands (HO)
))
(/usr/share/texlive/texmf-dist/tex/generic/iftex/ifluatex.sty
Package: ifluatex 2019/10/25 v1.5 ifluatex legacy package. Use iftex instead.
)
runsystem(uname -s > "report.w18")...executed.

 (./report.w18)
runsystem(rm -- "report.w18")...executed.

)
(/usr/share/texlive/texmf-dist/tex/generic/xstring/xstring.sty
(/usr/share/texlive/texmf-dist/tex/generic/xstring/xstring.tex
\xs_counta=\count311
\xs_countb=\count312
)
Package: xstring 2023/08/22 v1.86 String manipulations (CT)
)
(/usr/share/texlive/texmf-dist/tex/latex/framed/framed.sty
Package: framed 2011/10/22 v 0.96: framed or shaded text with page breaks
\OuterFrameSep=\skip61
\fb@frw=\dimen188
\fb@frh=\dimen189
\FrameRule=\dimen190
\FrameSep=\dimen191
)
(/usr/share/texlive/texmf-dist/tex/latex/float/float.sty
Package: float 2001/11/08 v1.3d Float enhancements (AL)
\c@float@type=\count313
\float@exts=\toks34
\float@box=\box62
\@float@everytoks=\toks35
\@floatcapt=\box63
)
\minted@appexistsfile=\read4
\minted@bgbox=\box64
\minted@code=\write4
\c@minted@FancyVerbLineTemp=\count314
\c@minted@pygmentizecounter=\count315
\@float@every@listing=\toks36
\c@listing=\count316
)
runsystem(mkdir -p _minted-report)...executed.


(/usr/share/texlive/texmf-dist/tex/latex/caption/subcaption.sty
Package: subcaption 2023/07/28 v1.6b Sub-captions (AR)

(/usr/share/texlive/texmf-dist/tex/latex/caption/caption.sty
Package: caption 2023/08/05 v3.6o Customizing captions (AR)

(/usr/share/texlive/texmf-dist/tex/latex/caption/caption3.sty
Package: caption3 2023/07/31 v2.4d caption3 kernel (AR)
\caption@tempdima=\dimen192
\captionmargin=\dimen193
\caption@leftmargin=\dimen194
\caption@rightmargin=\dimen195
\caption@width=\dimen196
\caption@indent=\dimen197
\caption@parindent=\dimen198
\caption@hangindent=\dimen199
Package caption Info: Standard document class detected.
)
\c@caption@flags=\count317
\c@continuedfloat=\count318
Package caption Info: float package is loaded.
)
Package caption Info: New subtype `subfigure' on input line 238.
\c@subfigure=\count319
Package caption Info: New subtype `subtable' on input line 238.
\c@subtable=\count320
)
(/usr/share/texlive/texmf-dist/tex/latex/tools/verbatim.sty
Package: verbatim 2023-11-06 v1.5v LaTeX2e package for verbatim enhancements
\every@verbatim=\toks37
\verbatim@line=\toks38
\verbatim@in@stream=\read5
)
(/usr/share/texlive/texmf-dist/tex/latex/geometry/geometry.sty
Package: geometry 2020/01/02 v5.9 Page Geometry

(/usr/share/texlive/texmf-dist/tex/generic/iftex/ifvtex.sty
Package: ifvtex 2019/10/25 v1.7 ifvtex legacy package. Use iftex instead.
)
\Gm@cnth=\count321
\Gm@cntv=\count322
\c@Gm@tempcnt=\count323
\Gm@bindingoffset=\dimen256
\Gm@wd@mp=\dimen257
\Gm@odd@mp=\dimen258
\Gm@even@mp=\dimen259
\Gm@layoutwidth=\dimen260
\Gm@layoutheight=\dimen261
\Gm@layouthoffset=\dimen262
\Gm@layoutvoffset=\dimen263
\Gm@dimlist=\toks39
)
(/usr/share/texlive/texmf-dist/tex/latex/titlesec/titleps.sty
Package: titleps 2023/10/27 v2.16 Page styles
)
(/usr/share/texlive/texmf-dist/tex/latex/hyperref/hyperref.sty
Package: hyperref 2024-01-20 v7.01h Hypertext links for LaTeX

(/usr/share/texlive/texmf-dist/tex/generic/kvdefinekeys/kvdefinekeys.sty
Package: kvdefinekeys 2019-12-19 v1.6 Define keys (HO)
)
(/usr/share/texlive/texmf-dist/tex/generic/pdfescape/pdfescape.sty
Package: pdfescape 2019/12/09 v1.15 Implements pdfTeX's escape features (HO)
)
(/usr/share/texlive/texmf-dist/tex/latex/hycolor/hycolor.sty
Package: hycolor 2020-01-27 v1.10 Color options for hyperref/bookmark (HO)
)
(/usr/share/texlive/texmf-dist/tex/latex/auxhook/auxhook.sty
Package: auxhook 2019-12-17 v1.6 Hooks for auxiliary files (HO)
)
(/usr/share/texlive/texmf-dist/tex/latex/hyperref/nameref.sty
Package: nameref 2023-11-26 v2.56 Cross-referencing by name of section

(/usr/share/texlive/texmf-dist/tex/latex/refcount/refcount.sty
Package: refcount 2019/12/15 v3.6 Data extraction from label references (HO)
)
(/usr/share/texlive/texmf-dist/tex/generic/gettitlestring/gettitlestring.sty
Package: gettitlestring 2019/12/15 v1.6 Cleanup title references (HO)
)
\c@section@level=\count324
)
\@linkdim=\dimen264
\Hy@linkcounter=\count325
\Hy@pagecounter=\count326

(/usr/share/texlive/texmf-dist/tex/latex/hyperref/pd1enc.def
File: pd1enc.def 2024-01-20 v7.01h Hyperref: PDFDocEncoding definition (HO)
Now handling font encoding PD1 ...
... no UTF-8 mapping file for font encoding PD1
)
(/usr/share/texlive/texmf-dist/tex/generic/intcalc/intcalc.sty
Package: intcalc 2019/12/15 v1.3 Expandable calculations with integers (HO)
)
\Hy@SavedSpaceFactor=\count327

(/usr/share/texlive/texmf-dist/tex/latex/hyperref/puenc.def
File: puenc.def 2024-01-20 v7.01h Hyperref: PDF Unicode definition (HO)
Now handling font encoding PU ...
... no UTF-8 mapping file for font encoding PU
)
Package hyperref Info: Option `unicode' set `true' on input line 3165.
Package hyperref Info: Hyper figures OFF on input line 4179.
Package hyperref Info: Link nesting OFF on input line 4184.
Package hyperref Info: Hyper index ON on input line 4187.
Package hyperref Info: Plain pages OFF on input line 4194.
Package hyperref Info: Backreferencing OFF on input line 4199.
Package hyperref Info: Implicit mode ON; LaTeX internals redefined.
Package hyperref Info: Bookmarks ON on input line 4446.
\c@Hy@tempcnt=\count328

(/usr/share/texlive/texmf-dist/tex/latex/url/url.sty
\Urlmuskip=\muskip17
Package: url 2013/09/16  ver 3.4  Verb mode for urls, etc.
)
LaTeX Info: Redefining \url on input line 4784.
\XeTeXLinkMargin=\dimen265

(/usr/share/texlive/texmf-dist/tex/generic/bitset/bitset.sty
Package: bitset 2019/12/09 v1.3 Handle bit-vector datatype (HO)

(/usr/share/texlive/texmf-dist/tex/generic/bigintcalc/bigintcalc.sty
Package: bigintcalc 2019/12/15 v1.5 Expandable calculations on big integers (HO
)
))
\Fld@menulength=\count329
\Field@Width=\dimen266
\Fld@charsize=\dimen267
Package hyperref Info: Hyper figures OFF on input line 6063.
Package hyperref Info: Link nesting OFF on input line 6068.
Package hyperref Info: Hyper index ON on input line 6071.
Package hyperref Info: backreferencing OFF on input line 6078.
Package hyperref Info: Link coloring OFF on input line 6083.
Package hyperref Info: Link coloring with OCG OFF on input line 6088.
Package hyperref Info: PDF/A mode OFF on input line 6093.

(/usr/share/texlive/texmf-dist/tex/latex/base/atbegshi-ltx.sty
Package: atbegshi-ltx 2021/01/10 v1.0c Emulation of the original atbegshi
package with kernel methods
)
\Hy@abspage=\count330
\c@Item=\count331
\c@Hfootnote=\count332
)
Package hyperref Info: Driver (autodetected): hpdftex.

(/usr/share/texlive/texmf-dist/tex/latex/hyperref/hpdftex.def
File: hpdftex.def 2024-01-20 v7.01h Hyperref driver for pdfTeX

(/usr/share/texlive/texmf-dist/tex/latex/base/atveryend-ltx.sty
Package: atveryend-ltx 2020/08/19 v1.0a Emulation of the original atveryend pac
kage
with kernel methods
)
\Fld@listcount=\count333
\c@bookmark@seq@number=\count334

(/usr/share/texlive/texmf-dist/tex/latex/rerunfilecheck/rerunfilecheck.sty
Package: rerunfilecheck 2022-07-10 v1.10 Rerun checks for auxiliary files (HO)

(/usr/share/texlive/texmf-dist/tex/generic/uniquecounter/uniquecounter.sty
Package: uniquecounter 2019/12/15 v1.4 Provide unlimited unique counter (HO)
)
Package uniquecounter Info: New unique counter `rerunfilecheck' on input line 2
85.
)
\Hy@SectionHShift=\skip62
)
Package hyperref Info: Option `colorlinks' set `true' on input line 42.
)
(/usr/share/texlive/texmf-dist/tex/latex/xcolor/xcolor.sty
Package: xcolor 2023/11/15 v3.01 LaTeX color extensions (UK)

(/usr/share/texlive/texmf-dist/tex/latex/graphics-cfg/color.cfg
File: color.cfg 2016/01/02 v1.6 sample color configuration
)
Package xcolor Info: Driver file: pdftex.def on input line 274.

(/usr/share/texlive/texmf-dist/tex/latex/graphics/mathcolor.ltx)
Package xcolor Info: Model `cmy' substituted by `cmy0' on input line 1350.
Package xcolor Info: Model `hsb' substituted by `rgb' on input line 1354.
Package xcolor Info: Model `RGB' extended on input line 1366.
Package xcolor Info: Model `HTML' substituted by `rgb' on input line 1368.
Package xcolor Info: Model `Hsb' substituted by `hsb' on input line 1369.
Package xcolor Info: Model `tHsb' substituted by `hsb' on input line 1370.
Package xcolor Info: Model `HSB' substituted by `hsb' on input line 1371.
Package xcolor Info: Model `Gray' substituted by `gray' on input line 1372.
Package xcolor Info: Model `wave' substituted by `hsb' on input line 1373.
)
runsystem(command -v pygmentize && touch report.aex)...executed.

runsystem(rm report.aex)...executed.


(/usr/share/texlive/texmf-dist/tex/latex/l3backend/l3backend-pdftex.def
File: l3backend-pdftex.def 2024-01-04 L3 backend support: PDF output (pdfTeX)
\l__color_backend_stack_int=\count335
\l__pdf_internal_box=\box65
)
(./report.aux)
\openout1 = `report.aux'.

LaTeX Font Info:    Checking defaults for OML/cmm/m/it on input line 7.
LaTeX Font Info:    ... okay on input line 7.
LaTeX Font Info:    Checking defaults for OMS/cmsy/m/n on input line 7.
LaTeX Font Info:    ... okay on input line 7.
LaTeX Font Info:    Checking defaults for OT1/cmr/m/n on input line 7.
LaTeX Font Info:    ... okay on input line 7.
LaTeX Font Info:    Checking defaults for T1/cmr/m/n on input line 7.
LaTeX Font Info:    ... okay on input line 7.
LaTeX Font Info:    Checking defaults for TS1/cmr/m/n on input line 7.
LaTeX Font Info:    ... okay on input line 7.
LaTeX Font Info:    Checking defaults for OMX/cmex/m/n on input line 7.
LaTeX Font Info:    ... okay on input line 7.
LaTeX Font Info:    Checking defaults for U/cmr/m/n on input line 7.
LaTeX Font Info:    ... okay on input line 7.
LaTeX Font Info:    Checking defaults for T2A/cmr/m/n on input line 7.
LaTeX Font Info:    ... okay on input line 7.
LaTeX Font Info:    Checking defaults for PD1/pdf/m/n on input line 7.
LaTeX Font Info:    ... okay on input line 7.
LaTeX Font Info:    Checking defaults for PU/pdf/m/n on input line 7.
LaTeX Font Info:    ... okay on input line 7.
LaTeX Info: Redefining \th on input line 7.

(/usr/share/texlive/texmf-dist/tex/context/base/mkii/supp-pdf.mkii
[Loading MPS to PDF converter (version 2006.09.02).]
\scratchcounter=\count336
\scratchdimen=\dimen268
\scratchbox=\box66
\nofMPsegments=\count337
\nofMParguments=\count338
\everyMPshowfont=\toks40
\MPscratchCnt=\count339
\MPscratchDim=\dimen269
\MPnumerator=\count340
\makeMPintoPDFobject=\count341
\everyMPtoPDFconversion=\toks41
) (/usr/share/texlive/texmf-dist/tex/latex/epstopdf-pkg/epstopdf-base.sty
Package: epstopdf-base 2020-01-24 v2.11 Base part for package epstopdf
Package epstopdf-base Info: Redefining graphics rule for `.eps' on input line 4
85.

(/usr/share/texlive/texmf-dist/tex/latex/latexconfig/epstopdf-sys.cfg
File: epstopdf-sys.cfg 2010/07/13 v1.3 Configuration of (r)epstopdf for TeX Liv
e
))
Package caption Info: Begin \AtBeginDocument code.
Package caption Info: hyperref package is loaded.
Package caption Info: End \AtBeginDocument code.

*geometry* driver: auto-detecting
*geometry* detected driver: pdftex
*geometry* verbose mode - [ preamble ] result:
* driver: pdftex
* paper: a4paper
* layout: <same size as paper>
* layoutoffset:(h,v)=(0.0pt,0.0pt)
* modes: 
* h-part:(L,W,R)=(56.9055pt, 483.69687pt, 56.9055pt)
* v-part:(T,H,B)=(71.13188pt, 688.5567pt, 85.35826pt)
* \paperwidth=597.50787pt
* \paperheight=845.04684pt
* \textwidth=483.69687pt
* \textheight=688.5567pt
* \oddsidemargin=-15.36449pt
* \evensidemargin=-15.36449pt
* \topmargin=-38.1381pt
* \headheight=12.0pt
* \headsep=25.0pt
* \topskip=12.0pt
* \footskip=30.0pt
* \marginparwidth=35.0pt
* \marginparsep=10.0pt
* \columnsep=10.0pt
* \skip\footins=10.8pt plus 4.0pt minus 2.0pt
* \hoffset=0.0pt
* \voffset=0.0pt
* \mag=1000
* \@twocolumnfalse
* \@twosidefalse
* \@mparswitchfalse
* \@reversemarginfalse
* (1in=72.27pt=25.4mm, 1cm=28.453pt)

Package hyperref Info: Link coloring ON on input line 7.
(./report.out) (./report.out)
\@outlinefile=\write5
\openout5 = `report.out'.

LaTeX Font Info:    Trying to load font information for U+msa on input line 10.


(/usr/share/texlive/texmf-dist/tex/latex/amsfonts/umsa.fd
File: umsa.fd 2013/01/14 v3.01 AMS symbols A
)
LaTeX Font Info:    Trying to load font information for U+msb on input line 10.


(/usr/share/texlive/texmf-dist/tex/latex/amsfonts/umsb.fd
File: umsb.fd 2013/01/14 v3.01 AMS symbols B
) [1

{/var/lib/texmf/fonts/map/pdftex/updmap/pdftex.map}{/usr/share/texmf/fonts/enc/
dvips/cm-super/cm-super-t2a.enc}] (./report.toc)
\tf@toc=\write6
\openout6 = `report.toc'.

 [2] [3]
LaTeX Font Info:    Trying to load font information for T2A+cmtt on input line 
25.

(/usr/share/texlive/texmf-dist/tex/latex/cyrillic/t2acmtt.fd
File: t2acmtt.fd 2001/08/11 v1.0a Computer Modern Cyrillic font definitions
)
\openout3 = `report.pyg'.


(./_minted-report/default.pygstyle)
runsystem(pygmentize -l 'cisco' -f latex -P commandprefix=PYG -F tokenmerge -P 
stripnl='False' -o _minted-report/0854F8242A3014CDBB49CE498A6B5D097E96C1E036BA7
0646C816803B4C6FD0D.pygtex report.pyg)...executed.



! Package minted Error: Missing Pygments output; \inputminted was
probably given a file that does not exist--otherwise, you may need 
the outputdir package option, or may be using an incompatible build tool,
or may be using frozencache with a missing file.

See the minted package documentation for explanation.
Type  H <return>  for immediate help.
 ...                                              
                                                  
l.33   \end{minted}
                   
? 
<../images/01.png, id=69, 679.78969pt x 298.11375pt>
File: ../images/01.png Graphic file (type png)
<use ../images/01.png>
Package pdftex.def Info: ../images/01.png  used on input line 37.
(pdftex.def)             Requested size: 483.69687pt x 212.11713pt.

Package caption Warning: The option `hypcap=true' will be ignored for this
(caption)                particular \caption on input line 38.
See the caption package documentation for explanation.


Overfull \hbox (29.3747pt too wide) in paragraph at lines 37--38
 [] 
 []

\openout3 = `report.pyg'.

runsystem(pygmentize -l 'cisco' -f latex -P commandprefix=PYG -F tokenmerge -P 
stripnl='False' -o _minted-report/27A40080D444F23BF7342ED5EA96634C7E96C1E036BA7
0646C816803B4C6FD0D.pygtex report.pyg)...executed.


! Package minted Error: Missing Pygments output; \inputminted was
probably given a file that does not exist--otherwise, you may need 
the outputdir package option, or may be using an incompatible build tool,
or may be using frozencache with a missing file.

See the minted package documentation for explanation.
Type  H <return>  for immediate help.
 ...                                              
                                                  
l.50   \end{minted}
                   
? 
<../images/02.png, id=72, 678.28406pt x 257.46187pt>
File: ../images/02.png Graphic file (type png)
<use ../images/02.png>
Package pdftex.def Info: ../images/02.png  used on input line 54.
(pdftex.def)             Requested size: 483.69687pt x 183.60062pt.

Package caption Warning: The option `hypcap=true' will be ignored for this
(caption)                particular \caption on input line 55.
See the caption package documentation for explanation.


Overfull \hbox (29.3747pt too wide) in paragraph at lines 54--55
 [] 
 []

\openout3 = `report.pyg'.

runsystem(pygmentize -l 'cisco' -f latex -P commandprefix=PYG -F tokenmerge -P 
stripnl='False' -o _minted-report/82A05F84FAD73AD1748D5F1ED1F93A837E96C1E036BA7
0646C816803B4C6FD0D.pygtex report.pyg)...executed.


! Package minted Error: Missing Pygments output; \inputminted was
probably given a file that does not exist--otherwise, you may need 
the outputdir package option, or may be using an incompatible build tool,
or may be using frozencache with a missing file.

See the minted package documentation for explanation.
Type  H <return>  for immediate help.
 ...                                              
                                                  
l.67   \end{minted}
                   
? 
<../images/03.png, id=74, 460.72125pt x 204.01219pt>
File: ../images/03.png Graphic file (type png)
<use ../images/03.png>
Package pdftex.def Info: ../images/03.png  used on input line 71.
(pdftex.def)             Requested size: 483.69687pt x 214.18488pt.

Package caption Warning: The option `hypcap=true' will be ignored for this
(caption)                particular \caption on input line 72.
See the caption package documentation for explanation.


Overfull \hbox (29.3747pt too wide) in paragraph at lines 71--72
 [] 
 []

[4 <../images/01.png> <../images/02.png>]
\openout3 = `report.pyg'.

runsystem(pygmentize -l 'cisco' -f latex -P commandprefix=PYG -F tokenmerge -P 
stripnl='False' -o _minted-report/2E9A30BC6075B3DAD83C873E195195777E96C1E036BA7
0646C816803B4C6FD0D.pygtex report.pyg)...executed.



! Package minted Error: Missing Pygments output; \inputminted was
probably given a file that does not exist--otherwise, you may need 
the outputdir package option, or may be using an incompatible build tool,
or may be using frozencache with a missing file.

See the minted package documentation for explanation.
Type  H <return>  for immediate help.
 ...                                              
                                                  
l.84   \end{minted}
                   
? 

Overfull \hbox (29.83531pt too wide) in paragraph at lines 76--85
[]\T2A/cmr/m/n/12 Íŕ ęîě-ěó-ňŕ-ňî-đĺ äî-ńňó-ďŕ \T2A/cmtt/m/n/12 msk-ansusenko-s
w-1 \T2A/cmr/m/n/12 íŕ-ńňđî-č-ëč trunk íŕ ďîđ-ňó \T2A/cmtt/m/n/12 FastEthernet0
/24
 []

<../images/04.png, id=88, 462.97969pt x 285.31593pt>
File: ../images/04.png Graphic file (type png)
<use ../images/04.png>
Package pdftex.def Info: ../images/04.png  used on input line 88.
(pdftex.def)             Requested size: 483.69687pt x 298.08858pt.

Package caption Warning: The option `hypcap=true' will be ignored for this
(caption)                particular \caption on input line 89.
See the caption package documentation for explanation.


Overfull \hbox (29.3747pt too wide) in paragraph at lines 88--89
 [] 
 []

\openout3 = `report.pyg'.

runsystem(pygmentize -l 'cisco' -f latex -P commandprefix=PYG -F tokenmerge -P 
stripnl='False' -o _minted-report/3E2C524FFC606CA020356DF2019408D67E96C1E036BA7
0646C816803B4C6FD0D.pygtex report.pyg)...executed.


! Package minted Error: Missing Pygments output; \inputminted was
probably given a file that does not exist--otherwise, you may need 
the outputdir package option, or may be using an incompatible build tool,
or may be using frozencache with a missing file.

See the minted package documentation for explanation.
Type  H <return>  for immediate help.
 ...                                              
                                                  
l.118 \end{minted}
                  
? 
[5 <../images/03.png> <../images/04.png>]
<../images/05.png, id=100, 550.30594pt x 392.96812pt>
File: ../images/05.png Graphic file (type png)
<use ../images/05.png>
Package pdftex.def Info: ../images/05.png  used on input line 122.
(pdftex.def)             Requested size: 483.69687pt x 345.41725pt.


Package caption Warning: The option `hypcap=true' will be ignored for this
(caption)                particular \caption on input line 123.
See the caption package documentation for explanation.

\openout3 = `report.pyg'.

runsystem(pygmentize -l 'cisco' -f latex -P commandprefix=PYG -F tokenmerge -P 
stripnl='False' -o _minted-report/EBF251154ECC6C7D7D52F3750684AB0C7E96C1E036BA7
0646C816803B4C6FD0D.pygtex report.pyg)...executed.


! Package minted Error: Missing Pygments output; \inputminted was
probably given a file that does not exist--otherwise, you may need 
the outputdir package option, or may be using an incompatible build tool,
or may be using frozencache with a missing file.

See the minted package documentation for explanation.
Type  H <return>  for immediate help.
 ...                                              
                                                  
l.138   \end{minted}
                    
? 
<../images/06.png, id=102, 675.27281pt x 451.6875pt>
File: ../images/06.png Graphic file (type png)
<use ../images/06.png>
Package pdftex.def Info: ../images/06.png  used on input line 142.
(pdftex.def)             Requested size: 483.69687pt x 323.54683pt.

Package caption Warning: The option `hypcap=true' will be ignored for this
(caption)                particular \caption on input line 143.
See the caption package documentation for explanation.


Overfull \hbox (29.3747pt too wide) in paragraph at lines 142--143
 [] 
 []

[6 <../images/05.png>]
\openout3 = `report.pyg'.

runsystem(pygmentize -l 'cisco' -f latex -P commandprefix=PYG -F tokenmerge -P 
stripnl='False' -o _minted-report/EBF251154ECC6C7D7D52F3750684AB0C7E96C1E036BA7
0646C816803B4C6FD0D.pygtex report.pyg)...executed.



! Package minted Error: Missing Pygments output; \inputminted was
probably given a file that does not exist--otherwise, you may need 
the outputdir package option, or may be using an incompatible build tool,
or may be using frozencache with a missing file.

See the minted package documentation for explanation.
Type  H <return>  for immediate help.
 ...                                              
                                                  
l.153   \end{minted}
                    
? 
<../images/07.png, id=112, 569.12625pt x 201.00093pt>
File: ../images/07.png Graphic file (type png)
<use ../images/07.png>
Package pdftex.def Info: ../images/07.png  used on input line 157.
(pdftex.def)             Requested size: 483.69687pt x 170.83624pt.

Package caption Warning: The option `hypcap=true' will be ignored for this
(caption)                particular \caption on input line 158.
See the caption package documentation for explanation.


Overfull \hbox (29.3747pt too wide) in paragraph at lines 157--158
 [] 
 []

\openout3 = `report.pyg'.

runsystem(pygmentize -l 'cisco' -f latex -P commandprefix=PYG -F tokenmerge -P 
stripnl='False' -o _minted-report/ED8086BE348F4C582D20EB221E6675527E96C1E036BA7
0646C816803B4C6FD0D.pygtex report.pyg)...executed.


! Package minted Error: Missing Pygments output; \inputminted was
probably given a file that does not exist--otherwise, you may need 
the outputdir package option, or may be using an incompatible build tool,
or may be using frozencache with a missing file.

See the minted package documentation for explanation.
Type  H <return>  for immediate help.
 ...                                              
                                                  
l.174   \end{minted}
                    
? 
<../images/08.png, id=114, 526.21594pt x 300.3722pt>
File: ../images/08.png Graphic file (type png)
<use ../images/08.png>
Package pdftex.def Info: ../images/08.png  used on input line 178.
(pdftex.def)             Requested size: 483.69687pt x 276.112pt.

Package caption Warning: The option `hypcap=true' will be ignored for this
(caption)                particular \caption on input line 179.
See the caption package documentation for explanation.


Overfull \hbox (29.3747pt too wide) in paragraph at lines 178--179
 [] 
 []

[7 <../images/06.png> <../images/07.png>]
\openout3 = `report.pyg'.

runsystem(pygmentize -l 'cisco' -f latex -P commandprefix=PYG -F tokenmerge -P 
stripnl='False' -o _minted-report/B16EE3A70ED94C51D82D0E3CC77ACFCD7E96C1E036BA7
0646C816803B4C6FD0D.pygtex report.pyg)...executed.



! Package minted Error: Missing Pygments output; \inputminted was
probably given a file that does not exist--otherwise, you may need 
the outputdir package option, or may be using an incompatible build tool,
or may be using frozencache with a missing file.

See the minted package documentation for explanation.
Type  H <return>  for immediate help.
 ...                                              
                                                  
l.190   \end{minted}
                    
? 
<../images/09.png, id=127, 462.97969pt x 137.7647pt>
File: ../images/09.png Graphic file (type png)
<use ../images/09.png>
Package pdftex.def Info: ../images/09.png  used on input line 194.
(pdftex.def)             Requested size: 483.69687pt x 143.93195pt.

Package caption Warning: The option `hypcap=true' will be ignored for this
(caption)                particular \caption on input line 195.
See the caption package documentation for explanation.


Overfull \hbox (29.3747pt too wide) in paragraph at lines 194--195
 [] 
 []

\openout3 = `report.pyg'.

runsystem(pygmentize -l 'cisco' -f latex -P commandprefix=PYG -F tokenmerge -P 
stripnl='False' -o _minted-report/70CBCF9C1158D71E79FF0E7561FEBBAE7E96C1E036BA7
0646C816803B4C6FD0D.pygtex report.pyg)...executed.


! Package minted Error: Missing Pygments output; \inputminted was
probably given a file that does not exist--otherwise, you may need 
the outputdir package option, or may be using an incompatible build tool,
or may be using frozencache with a missing file.

See the minted package documentation for explanation.
Type  H <return>  for immediate help.
 ...                                              
                                                  
l.208   \end{minted}
                    
? 
<../images/10.png, id=129, 648.92438pt x 527.72156pt>
File: ../images/10.png Graphic file (type png)
<use ../images/10.png>
Package pdftex.def Info: ../images/10.png  used on input line 212.
(pdftex.def)             Requested size: 483.69687pt x 393.35838pt.

Package caption Warning: The option `hypcap=true' will be ignored for this
(caption)                particular \caption on input line 213.
See the caption package documentation for explanation.


Overfull \hbox (29.3747pt too wide) in paragraph at lines 212--213
 [] 
 []

[8 <../images/08.png> <../images/09.png>]
\openout3 = `report.pyg'.

runsystem(pygmentize -l 'cisco' -f latex -P commandprefix=PYG -F tokenmerge -P 
stripnl='False' -o _minted-report/70CBCF9C1158D71E79FF0E7561FEBBAE7E96C1E036BA7
0646C816803B4C6FD0D.pygtex report.pyg)...executed.



! Package minted Error: Missing Pygments output; \inputminted was
probably given a file that does not exist--otherwise, you may need 
the outputdir package option, or may be using an incompatible build tool,
or may be using frozencache with a missing file.

See the minted package documentation for explanation.
Type  H <return>  for immediate help.
 ...                                              
                                                  
l.229   \end{minted}
                    
? 
<../images/11.png, id=141, 605.26125pt x 447.92343pt>
File: ../images/11.png Graphic file (type png)
<use ../images/11.png>
Package pdftex.def Info: ../images/11.png  used on input line 233.
(pdftex.def)             Requested size: 483.69687pt x 357.96332pt.

Package caption Warning: The option `hypcap=true' will be ignored for this
(caption)                particular \caption on input line 234.
See the caption package documentation for explanation.


Overfull \hbox (29.3747pt too wide) in paragraph at lines 233--234
 [] 
 []

[9{/usr/share/texmf/fonts/enc/dvips/cm-super/cm-super-ts1.enc} <../images/10.pn
g>]
\openout3 = `report.pyg'.

runsystem(pygmentize -l 'cisco' -f latex -P commandprefix=PYG -F tokenmerge -P 
stripnl='False' -o _minted-report/70CBCF9C1158D71E79FF0E7561FEBBAE7E96C1E036BA7
0646C816803B4C6FD0D.pygtex report.pyg)...executed.



! Package minted Error: Missing Pygments output; \inputminted was
probably given a file that does not exist--otherwise, you may need 
the outputdir package option, or may be using an incompatible build tool,
or may be using frozencache with a missing file.

See the minted package documentation for explanation.
Type  H <return>  for immediate help.
 ...                                              
                                                  
l.250   \end{minted}
                    
? 
<../images/12.png, id=151, 612.03656pt x 476.53032pt>
File: ../images/12.png Graphic file (type png)
<use ../images/12.png>
Package pdftex.def Info: ../images/12.png  used on input line 254.
(pdftex.def)             Requested size: 483.69687pt x 376.60753pt.

Package caption Warning: The option `hypcap=true' will be ignored for this
(caption)                particular \caption on input line 255.
See the caption package documentation for explanation.


Overfull \hbox (29.3747pt too wide) in paragraph at lines 254--255
 [] 
 []

[10 <../images/11.png>]
\openout3 = `report.pyg'.

runsystem(pygmentize -l 'cisco' -f latex -P commandprefix=PYG -F tokenmerge -P 
stripnl='False' -o _minted-report/70CBCF9C1158D71E79FF0E7561FEBBAE7E96C1E036BA7
0646C816803B4C6FD0D.pygtex report.pyg)...executed.



! Package minted Error: Missing Pygments output; \inputminted was
probably given a file that does not exist--otherwise, you may need 
the outputdir package option, or may be using an incompatible build tool,
or may be using frozencache with a missing file.

See the minted package documentation for explanation.
Type  H <return>  for immediate help.
 ...                                              
                                                  
l.263   \end{minted}
                    
? 
<../images/13.png, id=161, 612.03656pt x 447.17062pt>
File: ../images/13.png Graphic file (type png)
<use ../images/13.png>
Package pdftex.def Info: ../images/13.png  used on input line 267.
(pdftex.def)             Requested size: 483.69687pt x 353.4042pt.

Package caption Warning: The option `hypcap=true' will be ignored for this
(caption)                particular \caption on input line 268.
See the caption package documentation for explanation.


Overfull \hbox (29.3747pt too wide) in paragraph at lines 267--268
 [] 
 []

[11 <../images/12.png>]
\openout3 = `report.pyg'.

runsystem(pygmentize -l 'cisco' -f latex -P commandprefix=PYG -F tokenmerge -P 
stripnl='False' -o _minted-report/70CBCF9C1158D71E79FF0E7561FEBBAE7E96C1E036BA7
0646C816803B4C6FD0D.pygtex report.pyg)...executed.



! Package minted Error: Missing Pygments output; \inputminted was
probably given a file that does not exist--otherwise, you may need 
the outputdir package option, or may be using an incompatible build tool,
or may be using frozencache with a missing file.

See the minted package documentation for explanation.
Type  H <return>  for immediate help.
 ...                                              
                                                  
l.278   \end{minted}
                    
? 
<../images/14.png, id=170, 613.54219pt x 353.06906pt>
File: ../images/14.png Graphic file (type png)
<use ../images/14.png>
Package pdftex.def Info: ../images/14.png  used on input line 282.
(pdftex.def)             Requested size: 483.69687pt x 278.35043pt.

Package caption Warning: The option `hypcap=true' will be ignored for this
(caption)                particular \caption on input line 283.
See the caption package documentation for explanation.


Overfull \hbox (29.3747pt too wide) in paragraph at lines 282--283
 [] 
 []

[12 <../images/13.png>]
\openout3 = `report.pyg'.

runsystem(pygmentize -l 'cisco' -f latex -P commandprefix=PYG -F tokenmerge -P 
stripnl='False' -o _minted-report/6E46C542805FDD2AD12652BD1C1F4C207E96C1E036BA7
0646C816803B4C6FD0D.pygtex report.pyg)...executed.



! Package minted Error: Missing Pygments output; \inputminted was
probably given a file that does not exist--otherwise, you may need 
the outputdir package option, or may be using an incompatible build tool,
or may be using frozencache with a missing file.

See the minted package documentation for explanation.
Type  H <return>  for immediate help.
 ...                                              
                                                  
l.303   \end{minted}
                    
? 
<../images/15.png, id=179, 529.98pt x 296.60812pt>
File: ../images/15.png Graphic file (type png)
<use ../images/15.png>
Package pdftex.def Info: ../images/15.png  used on input line 307.
(pdftex.def)             Requested size: 483.69687pt x 270.71036pt.

Package caption Warning: The option `hypcap=true' will be ignored for this
(caption)                particular \caption on input line 308.
See the caption package documentation for explanation.


Overfull \hbox (29.3747pt too wide) in paragraph at lines 307--308
 [] 
 []

[13 <../images/14.png>]
\openout3 = `report.pyg'.

runsystem(pygmentize -l 'cisco' -f latex -P commandprefix=PYG -F tokenmerge -P 
stripnl='False' -o _minted-report/6E46C542805FDD2AD12652BD1C1F4C207E96C1E036BA7
0646C816803B4C6FD0D.pygtex report.pyg)...executed.



! Package minted Error: Missing Pygments output; \inputminted was
probably given a file that does not exist--otherwise, you may need 
the outputdir package option, or may be using an incompatible build tool,
or may be using frozencache with a missing file.

See the minted package documentation for explanation.
Type  H <return>  for immediate help.
 ...                                              
                                                  
l.318   \end{minted}
                    
? 
<../images/16.png, id=189, 508.14844pt x 300.3722pt>
File: ../images/16.png Graphic file (type png)
<use ../images/16.png>
Package pdftex.def Info: ../images/16.png  used on input line 322.
(pdftex.def)             Requested size: 483.69687pt x 285.92944pt.

Package caption Warning: The option `hypcap=true' will be ignored for this
(caption)                particular \caption on input line 323.
See the caption package documentation for explanation.


Overfull \hbox (29.3747pt too wide) in paragraph at lines 322--323
 [] 
 []

\openout3 = `report.pyg'.

runsystem(pygmentize -l 'cisco' -f latex -P commandprefix=PYG -F tokenmerge -P 
stripnl='False' -o _minted-report/38AA961F459776A26A2406237DF9C1137E96C1E036BA7
0646C816803B4C6FD0D.pygtex report.pyg)...executed.


! Package minted Error: Missing Pygments output; \inputminted was
probably given a file that does not exist--otherwise, you may need 
the outputdir package option, or may be using an incompatible build tool,
or may be using frozencache with a missing file.

See the minted package documentation for explanation.
Type  H <return>  for immediate help.
 ...                                              
                                                  
l.331   \end{minted}
                    
? 
<../images/17.png, id=191, 456.95718pt x 257.46187pt>
File: ../images/17.png Graphic file (type png)
<use ../images/17.png>
Package pdftex.def Info: ../images/17.png  used on input line 335.
(pdftex.def)             Requested size: 483.69687pt x 272.53505pt.

Package caption Warning: The option `hypcap=true' will be ignored for this
(caption)                particular \caption on input line 336.
See the caption package documentation for explanation.


Overfull \hbox (29.3747pt too wide) in paragraph at lines 335--336
 [] 
 []

[14 <../images/15.png> <../images/16.png>]
\openout3 = `report.pyg'.


(./_minted-report/CD74B2A77EA82A9A9844DDF104AB031BA049E9CB418B57F70E24C639F7BA1
365.pygtex)
<../images/18.png, id=201, 472.01344pt x 370.38374pt>
File: ../images/18.png Graphic file (type png)
<use ../images/18.png>
Package pdftex.def Info: ../images/18.png  used on input line 348.
(pdftex.def)             Requested size: 483.69687pt x 379.561pt.


Package caption Warning: The option `hypcap=true' will be ignored for this
(caption)                particular \caption on input line 349.
See the caption package documentation for explanation.


Overfull \hbox (29.3747pt too wide) in paragraph at lines 348--349
 [] 
 []

[15 <../images/17.png>]
<../images/19.png, id=212, 582.67688pt x 545.03625pt>
File: ../images/19.png Graphic file (type png)
<use ../images/19.png>
Package pdftex.def Info: ../images/19.png  used on input line 356.
(pdftex.def)             Requested size: 483.69687pt x 452.46315pt.


Package caption Warning: The option `hypcap=true' will be ignored for this
(caption)                particular \caption on input line 357.
See the caption package documentation for explanation.


Overfull \hbox (29.3747pt too wide) in paragraph at lines 356--357
 [] 
 []

[16 <../images/18.png>] [17 <../images/19.png>]
<../images/20.png, id=228, 554.07pt x 661.72218pt>
File: ../images/20.png Graphic file (type png)
<use ../images/20.png>
Package pdftex.def Info: ../images/20.png  used on input line 385.
(pdftex.def)             Requested size: 483.69687pt x 577.67268pt.


Package caption Warning: The option `hypcap=true' will be ignored for this
(caption)                particular \caption on input line 386.
See the caption package documentation for explanation.

[18] [19 <../images/20.png>] [20] (./report.aux)
 ***********
LaTeX2e <2023-11-01> patch level 1
L3 programming layer <2024-01-22>
 ***********
Package rerunfilecheck Info: File `report.out' has not changed.
(rerunfilecheck)             Checksum: BA53C6BE566944D17EF863C222616281;2684.
runsystem(rm report.pyg)...executed.

 ) 
Here is how much of TeX's memory you used:
 19532 strings out of 474222
 329150 string characters out of 5748732
 1927975 words of memory out of 5000000
 41408 multiletter control sequences out of 15000+600000
 571638 words of font info for 74 fonts, out of 8000000 for 9000
 1141 hyphenation exceptions out of 8191
 91i,6n,134p,544b,873s stack positions out of 10000i,1000n,20000p,200000b,200000s
</usr/share/texmf/fonts/type1/public/cm-super/sfbx1200.pfb></usr/share/texmf/
fonts/type1/public/cm-super/sfbx1440.pfb></usr/share/texmf/fonts/type1/public/c
m-super/sfbx1728.pfb></usr/share/texmf/fonts/type1/public/cm-super/sfrm1200.pfb
></usr/share/texmf/fonts/type1/public/cm-super/sfrm1440.pfb></usr/share/texmf/f
onts/type1/public/cm-super/sfrm2074.pfb></usr/share/texmf/fonts/type1/public/cm
-super/sftt1200.pfb>
Output written on report.pdf (20 pages, 638806 bytes).
PDF statistics:
 297 PDF objects out of 1000 (max. 8388607)
 217 compressed objects within 3 object streams
 71 named destinations out of 1000 (max. 500000)
 173 words of extra memory for PDF output out of 10000 (max. 10000000)

